[2024-02-18 21:01:00,860] INFO [Controller id=0] Processing automatic preferred replica leader election (kafka.controller.KafkaController)
[2024-02-18 21:01:00,864] TRACE [Controller id=0] Checking need to trigger auto leader balancing (kafka.controller.KafkaController)
[2024-02-18 21:01:00,865] DEBUG [Controller id=0] Topics not in preferred replica for broker 0 Map() (kafka.controller.KafkaController)
[2024-02-18 21:01:00,866] TRACE [Controller id=0] Leader imbalance ratio for broker 0 is 0.0 (kafka.controller.KafkaController)
[2024-02-18 21:01:00,866] DEBUG [Controller id=0] Topics not in preferred replica for broker 1 Map() (kafka.controller.KafkaController)
[2024-02-18 21:01:00,866] TRACE [Controller id=0] Leader imbalance ratio for broker 1 is 0.0 (kafka.controller.KafkaController)
[2024-02-18 21:01:00,866] DEBUG [Controller id=0] Topics not in preferred replica for broker 2 Map() (kafka.controller.KafkaController)
[2024-02-18 21:01:00,866] TRACE [Controller id=0] Leader imbalance ratio for broker 2 is 0.0 (kafka.controller.KafkaController)
[2024-02-18 21:06:00,866] INFO [Controller id=0] Processing automatic preferred replica leader election (kafka.controller.KafkaController)
[2024-02-18 21:06:00,869] TRACE [Controller id=0] Checking need to trigger auto leader balancing (kafka.controller.KafkaController)
[2024-02-18 21:06:00,871] DEBUG [Controller id=0] Topics not in preferred replica for broker 0 Map() (kafka.controller.KafkaController)
[2024-02-18 21:06:00,872] TRACE [Controller id=0] Leader imbalance ratio for broker 0 is 0.0 (kafka.controller.KafkaController)
[2024-02-18 21:06:00,872] DEBUG [Controller id=0] Topics not in preferred replica for broker 1 Map() (kafka.controller.KafkaController)
[2024-02-18 21:06:00,872] TRACE [Controller id=0] Leader imbalance ratio for broker 1 is 0.0 (kafka.controller.KafkaController)
[2024-02-18 21:06:00,872] DEBUG [Controller id=0] Topics not in preferred replica for broker 2 Map() (kafka.controller.KafkaController)
[2024-02-18 21:06:00,872] TRACE [Controller id=0] Leader imbalance ratio for broker 2 is 0.0 (kafka.controller.KafkaController)
[2024-02-18 21:06:46,607] INFO [Controller id=0] New topics: [Set(__consumer_offsets)], deleted topics: [HashSet()], new partition replica assignment [Set(TopicIdReplicaAssignment(__consumer_offsets,Some(By9VEOhLTticg2JDEULCCw),HashMap(__consumer_offsets-22 -> ReplicaAssignment(replicas=0, addingReplicas=, removingReplicas=), __consumer_offsets-30 -> ReplicaAssignment(replicas=1, addingReplicas=, removingReplicas=), __consumer_offsets-25 -> ReplicaAssignment(replicas=0, addingReplicas=, removingReplicas=), __consumer_offsets-35 -> ReplicaAssignment(replicas=2, addingReplicas=, removingReplicas=), __consumer_offsets-37 -> ReplicaAssignment(replicas=0, addingReplicas=, removingReplicas=), __consumer_offsets-38 -> ReplicaAssignment(replicas=2, addingReplicas=, removingReplicas=), __consumer_offsets-13 -> ReplicaAssignment(replicas=0, addingReplicas=, removingReplicas=), __consumer_offsets-8 -> ReplicaAssignment(replicas=2, addingReplicas=, removingReplicas=), __consumer_offsets-21 -> ReplicaAssignment(replicas=1, addingReplicas=, removingReplicas=), __consumer_offsets-4 -> ReplicaAssignment(replicas=0, addingReplicas=, removingReplicas=), __consumer_offsets-27 -> ReplicaAssignment(replicas=1, addingReplicas=, removingReplicas=), __consumer_offsets-7 -> ReplicaAssignment(replicas=0, addingReplicas=, removingReplicas=), __consumer_offsets-9 -> ReplicaAssignment(replicas=1, addingReplicas=, removingReplicas=), __consumer_offsets-46 -> ReplicaAssignment(replicas=0, addingReplicas=, removingReplicas=), __consumer_offsets-41 -> ReplicaAssignment(replicas=2, addingReplicas=, removingReplicas=), __consumer_offsets-33 -> ReplicaAssignment(replicas=1, addingReplicas=, removingReplicas=), __consumer_offsets-23 -> ReplicaAssignment(replicas=2, addingReplicas=, removingReplicas=), __consumer_offsets-49 -> ReplicaAssignment(replicas=0, addingReplicas=, removingReplicas=), __consumer_offsets-47 -> ReplicaAssignment(replicas=2, addingReplicas=, removingReplicas=), __consumer_offsets-16 -> ReplicaAssignment(replicas=0, addingReplicas=, removingReplicas=), __consumer_offsets-28 -> ReplicaAssignment(replicas=0, addingReplicas=, removingReplicas=), __consumer_offsets-31 -> ReplicaAssignment(replicas=0, addingReplicas=, removingReplicas=), __consumer_offsets-36 -> ReplicaAssignment(replicas=1, addingReplicas=, removingReplicas=), __consumer_offsets-42 -> ReplicaAssignment(replicas=1, addingReplicas=, removingReplicas=), __consumer_offsets-3 -> ReplicaAssignment(replicas=1, addingReplicas=, removingReplicas=), __consumer_offsets-18 -> ReplicaAssignment(replicas=1, addingReplicas=, removingReplicas=), __consumer_offsets-15 -> ReplicaAssignment(replicas=1, addingReplicas=, removingReplicas=), __consumer_offsets-24 -> ReplicaAssignment(replicas=1, addingReplicas=, removingReplicas=), __consumer_offsets-17 -> ReplicaAssignment(replicas=2, addingReplicas=, removingReplicas=), __consumer_offsets-48 -> ReplicaAssignment(replicas=1, addingReplicas=, removingReplicas=), __consumer_offsets-19 -> ReplicaAssignment(replicas=0, addingReplicas=, removingReplicas=), __consumer_offsets-11 -> ReplicaAssignment(replicas=2, addingReplicas=, removingReplicas=), __consumer_offsets-2 -> ReplicaAssignment(replicas=2, addingReplicas=, removingReplicas=), __consumer_offsets-43 -> ReplicaAssignment(replicas=0, addingReplicas=, removingReplicas=), __consumer_offsets-6 -> ReplicaAssignment(replicas=1, addingReplicas=, removingReplicas=), __consumer_offsets-14 -> ReplicaAssignment(replicas=2, addingReplicas=, removingReplicas=), __consumer_offsets-20 -> ReplicaAssignment(replicas=2, addingReplicas=, removingReplicas=), __consumer_offsets-0 -> ReplicaAssignment(replicas=1, addingReplicas=, removingReplicas=), __consumer_offsets-44 -> ReplicaAssignment(replicas=2, addingReplicas=, removingReplicas=), __consumer_offsets-39 -> ReplicaAssignment(replicas=1, addingReplicas=, removingReplicas=), __consumer_offsets-12 -> ReplicaAssignment(replicas=1, addingReplicas=, removingReplicas=), __consumer_offsets-45 -> ReplicaAssignment(replicas=1, addingReplicas=, removingReplicas=), __consumer_offsets-1 -> ReplicaAssignment(replicas=0, addingReplicas=, removingReplicas=), __consumer_offsets-5 -> ReplicaAssignment(replicas=2, addingReplicas=, removingReplicas=), __consumer_offsets-26 -> ReplicaAssignment(replicas=2, addingReplicas=, removingReplicas=), __consumer_offsets-29 -> ReplicaAssignment(replicas=2, addingReplicas=, removingReplicas=), __consumer_offsets-34 -> ReplicaAssignment(replicas=0, addingReplicas=, removingReplicas=), __consumer_offsets-10 -> ReplicaAssignment(replicas=0, addingReplicas=, removingReplicas=), __consumer_offsets-32 -> ReplicaAssignment(replicas=2, addingReplicas=, removingReplicas=), __consumer_offsets-40 -> ReplicaAssignment(replicas=0, addingReplicas=, removingReplicas=))))] (kafka.controller.KafkaController)
[2024-02-18 21:06:46,609] INFO [Controller id=0] New partition creation callback for __consumer_offsets-22,__consumer_offsets-30,__consumer_offsets-25,__consumer_offsets-35,__consumer_offsets-37,__consumer_offsets-38,__consumer_offsets-13,__consumer_offsets-8,__consumer_offsets-21,__consumer_offsets-4,__consumer_offsets-27,__consumer_offsets-7,__consumer_offsets-9,__consumer_offsets-46,__consumer_offsets-41,__consumer_offsets-33,__consumer_offsets-23,__consumer_offsets-49,__consumer_offsets-47,__consumer_offsets-16,__consumer_offsets-28,__consumer_offsets-31,__consumer_offsets-36,__consumer_offsets-42,__consumer_offsets-3,__consumer_offsets-18,__consumer_offsets-15,__consumer_offsets-24,__consumer_offsets-17,__consumer_offsets-48,__consumer_offsets-19,__consumer_offsets-11,__consumer_offsets-2,__consumer_offsets-43,__consumer_offsets-6,__consumer_offsets-14,__consumer_offsets-20,__consumer_offsets-0,__consumer_offsets-44,__consumer_offsets-39,__consumer_offsets-12,__consumer_offsets-45,__consumer_offsets-1,__consumer_offsets-5,__consumer_offsets-26,__consumer_offsets-29,__consumer_offsets-34,__consumer_offsets-10,__consumer_offsets-32,__consumer_offsets-40 (kafka.controller.KafkaController)
[2024-02-18 21:06:46,920] INFO [RequestSendThread controllerId=0] Controller 0 connected to localhost:9094 (id: 2 rack: null) for sending state change requests (kafka.controller.RequestSendThread)
[2024-02-18 21:06:46,920] INFO [RequestSendThread controllerId=0] Controller 0 connected to localhost:9092 (id: 0 rack: null) for sending state change requests (kafka.controller.RequestSendThread)
[2024-02-18 21:06:46,920] INFO [RequestSendThread controllerId=0] Controller 0 connected to localhost:9093 (id: 1 rack: null) for sending state change requests (kafka.controller.RequestSendThread)
[2024-02-18 21:11:00,875] INFO [Controller id=0] Processing automatic preferred replica leader election (kafka.controller.KafkaController)
[2024-02-18 21:11:00,882] TRACE [Controller id=0] Checking need to trigger auto leader balancing (kafka.controller.KafkaController)
[2024-02-18 21:11:00,902] DEBUG [Controller id=0] Topics not in preferred replica for broker 0 HashMap() (kafka.controller.KafkaController)
[2024-02-18 21:11:00,902] TRACE [Controller id=0] Leader imbalance ratio for broker 0 is 0.0 (kafka.controller.KafkaController)
[2024-02-18 21:11:00,902] DEBUG [Controller id=0] Topics not in preferred replica for broker 1 HashMap() (kafka.controller.KafkaController)
[2024-02-18 21:11:00,902] TRACE [Controller id=0] Leader imbalance ratio for broker 1 is 0.0 (kafka.controller.KafkaController)
[2024-02-18 21:11:00,902] DEBUG [Controller id=0] Topics not in preferred replica for broker 2 HashMap() (kafka.controller.KafkaController)
[2024-02-18 21:11:00,902] TRACE [Controller id=0] Leader imbalance ratio for broker 2 is 0.0 (kafka.controller.KafkaController)
[2024-02-18 21:15:40,160] DEBUG [Controller id=0] There is no producerId block yet (Zk path version 0), creating the first block (kafka.controller.KafkaController)
[2024-02-18 21:15:40,183] INFO [Controller id=0] Acquired new producerId block ProducerIdsBlock(assignedBrokerId=0, firstProducerId=0, size=1000) by writing to Zk with path version 1 (kafka.controller.KafkaController)
[2024-02-18 21:15:40,304] DEBUG [Controller id=0] Read current producerId block ProducerIdsBlock(assignedBrokerId=0, firstProducerId=0, size=1000), Zk path version 1 (kafka.controller.KafkaController)
[2024-02-18 21:15:40,313] INFO [Controller id=0] Acquired new producerId block ProducerIdsBlock(assignedBrokerId=2, firstProducerId=1000, size=1000) by writing to Zk with path version 2 (kafka.controller.KafkaController)
[2024-02-18 21:16:00,902] INFO [Controller id=0] Processing automatic preferred replica leader election (kafka.controller.KafkaController)
[2024-02-18 21:16:00,903] TRACE [Controller id=0] Checking need to trigger auto leader balancing (kafka.controller.KafkaController)
[2024-02-18 21:16:00,917] DEBUG [Controller id=0] Topics not in preferred replica for broker 0 HashMap() (kafka.controller.KafkaController)
[2024-02-18 21:16:00,917] TRACE [Controller id=0] Leader imbalance ratio for broker 0 is 0.0 (kafka.controller.KafkaController)
[2024-02-18 21:16:00,917] DEBUG [Controller id=0] Topics not in preferred replica for broker 1 HashMap() (kafka.controller.KafkaController)
[2024-02-18 21:16:00,918] TRACE [Controller id=0] Leader imbalance ratio for broker 1 is 0.0 (kafka.controller.KafkaController)
[2024-02-18 21:16:00,918] DEBUG [Controller id=0] Topics not in preferred replica for broker 2 HashMap() (kafka.controller.KafkaController)
[2024-02-18 21:16:00,918] TRACE [Controller id=0] Leader imbalance ratio for broker 2 is 0.0 (kafka.controller.KafkaController)
[2024-02-18 21:21:00,918] INFO [Controller id=0] Processing automatic preferred replica leader election (kafka.controller.KafkaController)
[2024-02-18 21:21:00,920] TRACE [Controller id=0] Checking need to trigger auto leader balancing (kafka.controller.KafkaController)
[2024-02-18 21:21:00,932] DEBUG [Controller id=0] Topics not in preferred replica for broker 0 HashMap() (kafka.controller.KafkaController)
[2024-02-18 21:21:00,932] TRACE [Controller id=0] Leader imbalance ratio for broker 0 is 0.0 (kafka.controller.KafkaController)
[2024-02-18 21:21:00,933] DEBUG [Controller id=0] Topics not in preferred replica for broker 1 HashMap() (kafka.controller.KafkaController)
[2024-02-18 21:21:00,933] TRACE [Controller id=0] Leader imbalance ratio for broker 1 is 0.0 (kafka.controller.KafkaController)
[2024-02-18 21:21:00,933] DEBUG [Controller id=0] Topics not in preferred replica for broker 2 HashMap() (kafka.controller.KafkaController)
[2024-02-18 21:21:00,933] TRACE [Controller id=0] Leader imbalance ratio for broker 2 is 0.0 (kafka.controller.KafkaController)
