[2024-02-18 21:06:47,024] INFO [ReplicaFetcherManager on broker 2] Removed fetcher for partitions HashSet(__consumer_offsets-8, __consumer_offsets-35, __consumer_offsets-47, __consumer_offsets-38, __consumer_offsets-17, __consumer_offsets-11, __consumer_offsets-29, __consumer_offsets-32, __consumer_offsets-41, __consumer_offsets-23, __consumer_offsets-2, __consumer_offsets-14, __consumer_offsets-20, __consumer_offsets-44, __consumer_offsets-5, __consumer_offsets-26) (kafka.server.ReplicaFetcherManager)
[2024-02-18 21:06:47,056] INFO [LogLoader partition=__consumer_offsets-35, dir=/tmp/kafka-logs2] Loading producer state till offset 0 with message format version 2 (kafka.log.UnifiedLog$)
[2024-02-18 21:06:47,061] INFO Created log for partition __consumer_offsets-35 in /tmp/kafka-logs2/__consumer_offsets-35 with properties {cleanup.policy=compact, compression.type="producer", segment.bytes=104857600} (kafka.log.LogManager)
[2024-02-18 21:06:47,067] INFO [Partition __consumer_offsets-35 broker=2] No checkpointed highwatermark is found for partition __consumer_offsets-35 (kafka.cluster.Partition)
[2024-02-18 21:06:47,070] INFO [Partition __consumer_offsets-35 broker=2] Log loaded for partition __consumer_offsets-35 with initial high watermark 0 (kafka.cluster.Partition)
[2024-02-18 21:06:47,099] INFO [LogLoader partition=__consumer_offsets-5, dir=/tmp/kafka-logs2] Loading producer state till offset 0 with message format version 2 (kafka.log.UnifiedLog$)
[2024-02-18 21:06:47,104] INFO Created log for partition __consumer_offsets-5 in /tmp/kafka-logs2/__consumer_offsets-5 with properties {cleanup.policy=compact, compression.type="producer", segment.bytes=104857600} (kafka.log.LogManager)
[2024-02-18 21:06:47,104] INFO [Partition __consumer_offsets-5 broker=2] No checkpointed highwatermark is found for partition __consumer_offsets-5 (kafka.cluster.Partition)
[2024-02-18 21:06:47,108] INFO [Partition __consumer_offsets-5 broker=2] Log loaded for partition __consumer_offsets-5 with initial high watermark 0 (kafka.cluster.Partition)
[2024-02-18 21:06:47,126] INFO [LogLoader partition=__consumer_offsets-20, dir=/tmp/kafka-logs2] Loading producer state till offset 0 with message format version 2 (kafka.log.UnifiedLog$)
[2024-02-18 21:06:47,132] INFO Created log for partition __consumer_offsets-20 in /tmp/kafka-logs2/__consumer_offsets-20 with properties {cleanup.policy=compact, compression.type="producer", segment.bytes=104857600} (kafka.log.LogManager)
[2024-02-18 21:06:47,135] INFO [Partition __consumer_offsets-20 broker=2] No checkpointed highwatermark is found for partition __consumer_offsets-20 (kafka.cluster.Partition)
[2024-02-18 21:06:47,138] INFO [Partition __consumer_offsets-20 broker=2] Log loaded for partition __consumer_offsets-20 with initial high watermark 0 (kafka.cluster.Partition)
[2024-02-18 21:06:47,157] INFO [LogLoader partition=__consumer_offsets-41, dir=/tmp/kafka-logs2] Loading producer state till offset 0 with message format version 2 (kafka.log.UnifiedLog$)
[2024-02-18 21:06:47,159] INFO Created log for partition __consumer_offsets-41 in /tmp/kafka-logs2/__consumer_offsets-41 with properties {cleanup.policy=compact, compression.type="producer", segment.bytes=104857600} (kafka.log.LogManager)
[2024-02-18 21:06:47,161] INFO [Partition __consumer_offsets-41 broker=2] No checkpointed highwatermark is found for partition __consumer_offsets-41 (kafka.cluster.Partition)
[2024-02-18 21:06:47,162] INFO [Partition __consumer_offsets-41 broker=2] Log loaded for partition __consumer_offsets-41 with initial high watermark 0 (kafka.cluster.Partition)
[2024-02-18 21:06:47,186] INFO [LogLoader partition=__consumer_offsets-29, dir=/tmp/kafka-logs2] Loading producer state till offset 0 with message format version 2 (kafka.log.UnifiedLog$)
[2024-02-18 21:06:47,191] INFO Created log for partition __consumer_offsets-29 in /tmp/kafka-logs2/__consumer_offsets-29 with properties {cleanup.policy=compact, compression.type="producer", segment.bytes=104857600} (kafka.log.LogManager)
[2024-02-18 21:06:47,193] INFO [Partition __consumer_offsets-29 broker=2] No checkpointed highwatermark is found for partition __consumer_offsets-29 (kafka.cluster.Partition)
[2024-02-18 21:06:47,193] INFO [Partition __consumer_offsets-29 broker=2] Log loaded for partition __consumer_offsets-29 with initial high watermark 0 (kafka.cluster.Partition)
[2024-02-18 21:06:47,214] INFO [LogLoader partition=__consumer_offsets-44, dir=/tmp/kafka-logs2] Loading producer state till offset 0 with message format version 2 (kafka.log.UnifiedLog$)
[2024-02-18 21:06:47,219] INFO Created log for partition __consumer_offsets-44 in /tmp/kafka-logs2/__consumer_offsets-44 with properties {cleanup.policy=compact, compression.type="producer", segment.bytes=104857600} (kafka.log.LogManager)
[2024-02-18 21:06:47,222] INFO [Partition __consumer_offsets-44 broker=2] No checkpointed highwatermark is found for partition __consumer_offsets-44 (kafka.cluster.Partition)
[2024-02-18 21:06:47,222] INFO [Partition __consumer_offsets-44 broker=2] Log loaded for partition __consumer_offsets-44 with initial high watermark 0 (kafka.cluster.Partition)
[2024-02-18 21:06:47,249] INFO [LogLoader partition=__consumer_offsets-14, dir=/tmp/kafka-logs2] Loading producer state till offset 0 with message format version 2 (kafka.log.UnifiedLog$)
[2024-02-18 21:06:47,253] INFO Created log for partition __consumer_offsets-14 in /tmp/kafka-logs2/__consumer_offsets-14 with properties {cleanup.policy=compact, compression.type="producer", segment.bytes=104857600} (kafka.log.LogManager)
[2024-02-18 21:06:47,258] INFO [Partition __consumer_offsets-14 broker=2] No checkpointed highwatermark is found for partition __consumer_offsets-14 (kafka.cluster.Partition)
[2024-02-18 21:06:47,258] INFO [Partition __consumer_offsets-14 broker=2] Log loaded for partition __consumer_offsets-14 with initial high watermark 0 (kafka.cluster.Partition)
[2024-02-18 21:06:47,293] INFO [LogLoader partition=__consumer_offsets-2, dir=/tmp/kafka-logs2] Loading producer state till offset 0 with message format version 2 (kafka.log.UnifiedLog$)
[2024-02-18 21:06:47,299] INFO Created log for partition __consumer_offsets-2 in /tmp/kafka-logs2/__consumer_offsets-2 with properties {cleanup.policy=compact, compression.type="producer", segment.bytes=104857600} (kafka.log.LogManager)
[2024-02-18 21:06:47,299] INFO [Partition __consumer_offsets-2 broker=2] No checkpointed highwatermark is found for partition __consumer_offsets-2 (kafka.cluster.Partition)
[2024-02-18 21:06:47,302] INFO [Partition __consumer_offsets-2 broker=2] Log loaded for partition __consumer_offsets-2 with initial high watermark 0 (kafka.cluster.Partition)
[2024-02-18 21:06:47,312] INFO [LogLoader partition=__consumer_offsets-23, dir=/tmp/kafka-logs2] Loading producer state till offset 0 with message format version 2 (kafka.log.UnifiedLog$)
[2024-02-18 21:06:47,317] INFO Created log for partition __consumer_offsets-23 in /tmp/kafka-logs2/__consumer_offsets-23 with properties {cleanup.policy=compact, compression.type="producer", segment.bytes=104857600} (kafka.log.LogManager)
[2024-02-18 21:06:47,321] INFO [Partition __consumer_offsets-23 broker=2] No checkpointed highwatermark is found for partition __consumer_offsets-23 (kafka.cluster.Partition)
[2024-02-18 21:06:47,321] INFO [Partition __consumer_offsets-23 broker=2] Log loaded for partition __consumer_offsets-23 with initial high watermark 0 (kafka.cluster.Partition)
[2024-02-18 21:06:47,361] INFO [LogLoader partition=__consumer_offsets-38, dir=/tmp/kafka-logs2] Loading producer state till offset 0 with message format version 2 (kafka.log.UnifiedLog$)
[2024-02-18 21:06:47,367] INFO Created log for partition __consumer_offsets-38 in /tmp/kafka-logs2/__consumer_offsets-38 with properties {cleanup.policy=compact, compression.type="producer", segment.bytes=104857600} (kafka.log.LogManager)
[2024-02-18 21:06:47,367] INFO [Partition __consumer_offsets-38 broker=2] No checkpointed highwatermark is found for partition __consumer_offsets-38 (kafka.cluster.Partition)
[2024-02-18 21:06:47,367] INFO [Partition __consumer_offsets-38 broker=2] Log loaded for partition __consumer_offsets-38 with initial high watermark 0 (kafka.cluster.Partition)
[2024-02-18 21:06:47,391] INFO [LogLoader partition=__consumer_offsets-8, dir=/tmp/kafka-logs2] Loading producer state till offset 0 with message format version 2 (kafka.log.UnifiedLog$)
[2024-02-18 21:06:47,391] INFO Created log for partition __consumer_offsets-8 in /tmp/kafka-logs2/__consumer_offsets-8 with properties {cleanup.policy=compact, compression.type="producer", segment.bytes=104857600} (kafka.log.LogManager)
[2024-02-18 21:06:47,391] INFO [Partition __consumer_offsets-8 broker=2] No checkpointed highwatermark is found for partition __consumer_offsets-8 (kafka.cluster.Partition)
[2024-02-18 21:06:47,391] INFO [Partition __consumer_offsets-8 broker=2] Log loaded for partition __consumer_offsets-8 with initial high watermark 0 (kafka.cluster.Partition)
[2024-02-18 21:06:47,408] INFO [LogLoader partition=__consumer_offsets-11, dir=/tmp/kafka-logs2] Loading producer state till offset 0 with message format version 2 (kafka.log.UnifiedLog$)
[2024-02-18 21:06:47,409] INFO Created log for partition __consumer_offsets-11 in /tmp/kafka-logs2/__consumer_offsets-11 with properties {cleanup.policy=compact, compression.type="producer", segment.bytes=104857600} (kafka.log.LogManager)
[2024-02-18 21:06:47,412] INFO [Partition __consumer_offsets-11 broker=2] No checkpointed highwatermark is found for partition __consumer_offsets-11 (kafka.cluster.Partition)
[2024-02-18 21:06:47,412] INFO [Partition __consumer_offsets-11 broker=2] Log loaded for partition __consumer_offsets-11 with initial high watermark 0 (kafka.cluster.Partition)
[2024-02-18 21:06:47,431] INFO [LogLoader partition=__consumer_offsets-26, dir=/tmp/kafka-logs2] Loading producer state till offset 0 with message format version 2 (kafka.log.UnifiedLog$)
[2024-02-18 21:06:47,435] INFO Created log for partition __consumer_offsets-26 in /tmp/kafka-logs2/__consumer_offsets-26 with properties {cleanup.policy=compact, compression.type="producer", segment.bytes=104857600} (kafka.log.LogManager)
[2024-02-18 21:06:47,439] INFO [Partition __consumer_offsets-26 broker=2] No checkpointed highwatermark is found for partition __consumer_offsets-26 (kafka.cluster.Partition)
[2024-02-18 21:06:47,443] INFO [Partition __consumer_offsets-26 broker=2] Log loaded for partition __consumer_offsets-26 with initial high watermark 0 (kafka.cluster.Partition)
[2024-02-18 21:06:47,461] INFO [LogLoader partition=__consumer_offsets-47, dir=/tmp/kafka-logs2] Loading producer state till offset 0 with message format version 2 (kafka.log.UnifiedLog$)
[2024-02-18 21:06:47,465] INFO Created log for partition __consumer_offsets-47 in /tmp/kafka-logs2/__consumer_offsets-47 with properties {cleanup.policy=compact, compression.type="producer", segment.bytes=104857600} (kafka.log.LogManager)
[2024-02-18 21:06:47,465] INFO [Partition __consumer_offsets-47 broker=2] No checkpointed highwatermark is found for partition __consumer_offsets-47 (kafka.cluster.Partition)
[2024-02-18 21:06:47,466] INFO [Partition __consumer_offsets-47 broker=2] Log loaded for partition __consumer_offsets-47 with initial high watermark 0 (kafka.cluster.Partition)
[2024-02-18 21:06:47,481] INFO [LogLoader partition=__consumer_offsets-17, dir=/tmp/kafka-logs2] Loading producer state till offset 0 with message format version 2 (kafka.log.UnifiedLog$)
[2024-02-18 21:06:47,483] INFO Created log for partition __consumer_offsets-17 in /tmp/kafka-logs2/__consumer_offsets-17 with properties {cleanup.policy=compact, compression.type="producer", segment.bytes=104857600} (kafka.log.LogManager)
[2024-02-18 21:06:47,483] INFO [Partition __consumer_offsets-17 broker=2] No checkpointed highwatermark is found for partition __consumer_offsets-17 (kafka.cluster.Partition)
[2024-02-18 21:06:47,487] INFO [Partition __consumer_offsets-17 broker=2] Log loaded for partition __consumer_offsets-17 with initial high watermark 0 (kafka.cluster.Partition)
[2024-02-18 21:06:47,507] INFO [LogLoader partition=__consumer_offsets-32, dir=/tmp/kafka-logs2] Loading producer state till offset 0 with message format version 2 (kafka.log.UnifiedLog$)
[2024-02-18 21:06:47,508] INFO Created log for partition __consumer_offsets-32 in /tmp/kafka-logs2/__consumer_offsets-32 with properties {cleanup.policy=compact, compression.type="producer", segment.bytes=104857600} (kafka.log.LogManager)
[2024-02-18 21:06:47,509] INFO [Partition __consumer_offsets-32 broker=2] No checkpointed highwatermark is found for partition __consumer_offsets-32 (kafka.cluster.Partition)
[2024-02-18 21:06:47,509] INFO [Partition __consumer_offsets-32 broker=2] Log loaded for partition __consumer_offsets-32 with initial high watermark 0 (kafka.cluster.Partition)
[2024-02-18 21:06:47,527] INFO [GroupCoordinator 2]: Elected as the group coordinator for partition 35 in epoch 0 (kafka.coordinator.group.GroupCoordinator)
[2024-02-18 21:06:47,529] INFO [GroupMetadataManager brokerId=2] Scheduling loading of offsets and group metadata from __consumer_offsets-35 for epoch 0 (kafka.coordinator.group.GroupMetadataManager)
[2024-02-18 21:06:47,532] INFO [GroupCoordinator 2]: Elected as the group coordinator for partition 5 in epoch 0 (kafka.coordinator.group.GroupCoordinator)
[2024-02-18 21:06:47,532] INFO [GroupMetadataManager brokerId=2] Scheduling loading of offsets and group metadata from __consumer_offsets-5 for epoch 0 (kafka.coordinator.group.GroupMetadataManager)
[2024-02-18 21:06:47,532] INFO [GroupCoordinator 2]: Elected as the group coordinator for partition 20 in epoch 0 (kafka.coordinator.group.GroupCoordinator)
[2024-02-18 21:06:47,532] INFO [GroupMetadataManager brokerId=2] Scheduling loading of offsets and group metadata from __consumer_offsets-20 for epoch 0 (kafka.coordinator.group.GroupMetadataManager)
[2024-02-18 21:06:47,532] INFO [GroupCoordinator 2]: Elected as the group coordinator for partition 41 in epoch 0 (kafka.coordinator.group.GroupCoordinator)
[2024-02-18 21:06:47,532] INFO [GroupMetadataManager brokerId=2] Scheduling loading of offsets and group metadata from __consumer_offsets-41 for epoch 0 (kafka.coordinator.group.GroupMetadataManager)
[2024-02-18 21:06:47,532] INFO [GroupCoordinator 2]: Elected as the group coordinator for partition 29 in epoch 0 (kafka.coordinator.group.GroupCoordinator)
[2024-02-18 21:06:47,532] INFO [GroupMetadataManager brokerId=2] Scheduling loading of offsets and group metadata from __consumer_offsets-29 for epoch 0 (kafka.coordinator.group.GroupMetadataManager)
[2024-02-18 21:06:47,532] INFO [GroupCoordinator 2]: Elected as the group coordinator for partition 44 in epoch 0 (kafka.coordinator.group.GroupCoordinator)
[2024-02-18 21:06:47,532] INFO [GroupMetadataManager brokerId=2] Scheduling loading of offsets and group metadata from __consumer_offsets-44 for epoch 0 (kafka.coordinator.group.GroupMetadataManager)
[2024-02-18 21:06:47,532] INFO [GroupCoordinator 2]: Elected as the group coordinator for partition 14 in epoch 0 (kafka.coordinator.group.GroupCoordinator)
[2024-02-18 21:06:47,532] INFO [GroupMetadataManager brokerId=2] Scheduling loading of offsets and group metadata from __consumer_offsets-14 for epoch 0 (kafka.coordinator.group.GroupMetadataManager)
[2024-02-18 21:06:47,532] INFO [GroupCoordinator 2]: Elected as the group coordinator for partition 2 in epoch 0 (kafka.coordinator.group.GroupCoordinator)
[2024-02-18 21:06:47,532] INFO [GroupMetadataManager brokerId=2] Scheduling loading of offsets and group metadata from __consumer_offsets-2 for epoch 0 (kafka.coordinator.group.GroupMetadataManager)
[2024-02-18 21:06:47,532] INFO [GroupCoordinator 2]: Elected as the group coordinator for partition 23 in epoch 0 (kafka.coordinator.group.GroupCoordinator)
[2024-02-18 21:06:47,532] INFO [GroupMetadataManager brokerId=2] Scheduling loading of offsets and group metadata from __consumer_offsets-23 for epoch 0 (kafka.coordinator.group.GroupMetadataManager)
[2024-02-18 21:06:47,533] INFO [GroupCoordinator 2]: Elected as the group coordinator for partition 38 in epoch 0 (kafka.coordinator.group.GroupCoordinator)
[2024-02-18 21:06:47,533] INFO [GroupMetadataManager brokerId=2] Scheduling loading of offsets and group metadata from __consumer_offsets-38 for epoch 0 (kafka.coordinator.group.GroupMetadataManager)
[2024-02-18 21:06:47,533] INFO [GroupCoordinator 2]: Elected as the group coordinator for partition 8 in epoch 0 (kafka.coordinator.group.GroupCoordinator)
[2024-02-18 21:06:47,533] INFO [GroupMetadataManager brokerId=2] Scheduling loading of offsets and group metadata from __consumer_offsets-8 for epoch 0 (kafka.coordinator.group.GroupMetadataManager)
[2024-02-18 21:06:47,533] INFO [GroupCoordinator 2]: Elected as the group coordinator for partition 11 in epoch 0 (kafka.coordinator.group.GroupCoordinator)
[2024-02-18 21:06:47,533] INFO [GroupMetadataManager brokerId=2] Scheduling loading of offsets and group metadata from __consumer_offsets-11 for epoch 0 (kafka.coordinator.group.GroupMetadataManager)
[2024-02-18 21:06:47,533] INFO [GroupCoordinator 2]: Elected as the group coordinator for partition 26 in epoch 0 (kafka.coordinator.group.GroupCoordinator)
[2024-02-18 21:06:47,534] INFO [GroupMetadataManager brokerId=2] Scheduling loading of offsets and group metadata from __consumer_offsets-26 for epoch 0 (kafka.coordinator.group.GroupMetadataManager)
[2024-02-18 21:06:47,534] INFO [GroupCoordinator 2]: Elected as the group coordinator for partition 47 in epoch 0 (kafka.coordinator.group.GroupCoordinator)
[2024-02-18 21:06:47,534] INFO [GroupMetadataManager brokerId=2] Scheduling loading of offsets and group metadata from __consumer_offsets-47 for epoch 0 (kafka.coordinator.group.GroupMetadataManager)
[2024-02-18 21:06:47,534] INFO [GroupCoordinator 2]: Elected as the group coordinator for partition 17 in epoch 0 (kafka.coordinator.group.GroupCoordinator)
[2024-02-18 21:06:47,534] INFO [GroupMetadataManager brokerId=2] Scheduling loading of offsets and group metadata from __consumer_offsets-17 for epoch 0 (kafka.coordinator.group.GroupMetadataManager)
[2024-02-18 21:06:47,534] INFO [GroupCoordinator 2]: Elected as the group coordinator for partition 32 in epoch 0 (kafka.coordinator.group.GroupCoordinator)
[2024-02-18 21:06:47,534] INFO [GroupMetadataManager brokerId=2] Scheduling loading of offsets and group metadata from __consumer_offsets-32 for epoch 0 (kafka.coordinator.group.GroupMetadataManager)
[2024-02-18 21:06:47,545] INFO [GroupMetadataManager brokerId=2] Finished loading offsets and group metadata from __consumer_offsets-35 in 9 milliseconds for epoch 0, of which 4 milliseconds was spent in the scheduler. (kafka.coordinator.group.GroupMetadataManager)
[2024-02-18 21:06:47,549] INFO [GroupMetadataManager brokerId=2] Finished loading offsets and group metadata from __consumer_offsets-5 in 17 milliseconds for epoch 0, of which 16 milliseconds was spent in the scheduler. (kafka.coordinator.group.GroupMetadataManager)
[2024-02-18 21:06:47,550] INFO [GroupMetadataManager brokerId=2] Finished loading offsets and group metadata from __consumer_offsets-20 in 18 milliseconds for epoch 0, of which 17 milliseconds was spent in the scheduler. (kafka.coordinator.group.GroupMetadataManager)
[2024-02-18 21:06:47,550] INFO [GroupMetadataManager brokerId=2] Finished loading offsets and group metadata from __consumer_offsets-41 in 18 milliseconds for epoch 0, of which 18 milliseconds was spent in the scheduler. (kafka.coordinator.group.GroupMetadataManager)
[2024-02-18 21:06:47,550] INFO [GroupMetadataManager brokerId=2] Finished loading offsets and group metadata from __consumer_offsets-29 in 18 milliseconds for epoch 0, of which 18 milliseconds was spent in the scheduler. (kafka.coordinator.group.GroupMetadataManager)
[2024-02-18 21:06:47,550] INFO [GroupMetadataManager brokerId=2] Finished loading offsets and group metadata from __consumer_offsets-44 in 18 milliseconds for epoch 0, of which 18 milliseconds was spent in the scheduler. (kafka.coordinator.group.GroupMetadataManager)
[2024-02-18 21:06:47,551] INFO [GroupMetadataManager brokerId=2] Finished loading offsets and group metadata from __consumer_offsets-14 in 19 milliseconds for epoch 0, of which 18 milliseconds was spent in the scheduler. (kafka.coordinator.group.GroupMetadataManager)
[2024-02-18 21:06:47,551] INFO [GroupMetadataManager brokerId=2] Finished loading offsets and group metadata from __consumer_offsets-2 in 19 milliseconds for epoch 0, of which 19 milliseconds was spent in the scheduler. (kafka.coordinator.group.GroupMetadataManager)
[2024-02-18 21:06:47,551] INFO [GroupMetadataManager brokerId=2] Finished loading offsets and group metadata from __consumer_offsets-23 in 18 milliseconds for epoch 0, of which 18 milliseconds was spent in the scheduler. (kafka.coordinator.group.GroupMetadataManager)
[2024-02-18 21:06:47,551] INFO [GroupMetadataManager brokerId=2] Finished loading offsets and group metadata from __consumer_offsets-38 in 18 milliseconds for epoch 0, of which 18 milliseconds was spent in the scheduler. (kafka.coordinator.group.GroupMetadataManager)
[2024-02-18 21:06:47,552] INFO [GroupMetadataManager brokerId=2] Finished loading offsets and group metadata from __consumer_offsets-8 in 19 milliseconds for epoch 0, of which 18 milliseconds was spent in the scheduler. (kafka.coordinator.group.GroupMetadataManager)
[2024-02-18 21:06:47,552] INFO [GroupMetadataManager brokerId=2] Finished loading offsets and group metadata from __consumer_offsets-11 in 19 milliseconds for epoch 0, of which 19 milliseconds was spent in the scheduler. (kafka.coordinator.group.GroupMetadataManager)
[2024-02-18 21:06:47,552] INFO [GroupMetadataManager brokerId=2] Finished loading offsets and group metadata from __consumer_offsets-26 in 18 milliseconds for epoch 0, of which 18 milliseconds was spent in the scheduler. (kafka.coordinator.group.GroupMetadataManager)
[2024-02-18 21:06:47,552] INFO [GroupMetadataManager brokerId=2] Finished loading offsets and group metadata from __consumer_offsets-47 in 18 milliseconds for epoch 0, of which 18 milliseconds was spent in the scheduler. (kafka.coordinator.group.GroupMetadataManager)
[2024-02-18 21:06:47,552] INFO [GroupMetadataManager brokerId=2] Finished loading offsets and group metadata from __consumer_offsets-17 in 18 milliseconds for epoch 0, of which 18 milliseconds was spent in the scheduler. (kafka.coordinator.group.GroupMetadataManager)
[2024-02-18 21:06:47,552] INFO [GroupMetadataManager brokerId=2] Finished loading offsets and group metadata from __consumer_offsets-32 in 18 milliseconds for epoch 0, of which 18 milliseconds was spent in the scheduler. (kafka.coordinator.group.GroupMetadataManager)
